 class_id                    label_name  total_images  clean_correct  clean_accuracy  pgd_accuracy  jpeg_defended_accuracy  attack_success_count  attack_success_rate_on_clean_correct  recovered_count  recovery_rate_on_successful_attacks  still_failed_count  failure_rate_on_successful_attacks
        0                Speed limit 20            14             14        1.000000      0.428571                0.785714                     8                              0.571429                5                             0.625000                   3                            0.375000
        1                Speed limit 30           171            171        1.000000      0.894737                0.953216                    18                              0.105263               10                             0.555556                   8                            0.444444
        2                Speed limit 50           178            177        0.994382      0.780899                0.876404                    38                              0.214689               17                             0.447368                  21                            0.552632
        3                Speed limit 60           107            104        0.971963      0.523364                0.822430                    48                              0.461538               32                             0.666667                  16                            0.333333
        4                Speed limit 70           157            155        0.987261      0.350318                0.598726                   100                              0.645161               39                             0.390000                  61                            0.610000
        5                Speed limit 80           150            150        1.000000      0.380000                0.766667                    93                              0.620000               58                             0.623656                  35                            0.376344
        6            End speed limit 80            36             36        1.000000      0.138889                0.305556                    31                              0.861111                6                             0.193548                  25                            0.806452
        7               Speed limit 100           107            107        1.000000      0.598131                0.775701                    43                              0.401869               19                             0.441860                  24                            0.558140
        8               Speed limit 120           107            106        0.990654      0.570093                0.766355                    45                              0.424528               21                             0.466667                  24                            0.533333
        9                    No passing           114            114        1.000000      0.728070                0.859649                    31                              0.271930               15                             0.483871                  16                            0.516129
       10             No passing trucks           157            157        1.000000      0.515924                0.802548                    76                              0.484076               45                             0.592105                  31                            0.407895
       11 Priority at next intersection           100             98        0.980000      0.680000                0.830000                    30                              0.306122               15                             0.500000                  15                            0.500000
       12                 Priority road           164            159        0.969512      0.670732                0.878049                    49                              0.308176               34                             0.693878                  15                            0.306122
       13                         Yield           171            170        0.994152      0.730994                0.859649                    45                              0.264706               22                             0.488889                  23                            0.511111
       14                          Stop            64             64        1.000000      0.812500                0.953125                    12                              0.187500                9                             0.750000                   3                            0.250000
       15                   No vehicles            50             50        1.000000      0.720000                0.780000                    14                              0.280000                3                             0.214286                  11                            0.785714
       16             Trucks prohibited            36             36        1.000000      0.638889                0.750000                    13                              0.361111                4                             0.307692                   9                            0.692308
       17                      No entry            86             84        0.976744      0.651163                0.813953                    28                              0.333333               14                             0.500000                  14                            0.500000
       18               General caution            93             90        0.967742      0.365591                0.569892                    56                              0.622222               19                             0.339286                  37                            0.660714
       19          Dangerous curve left            14             14        1.000000      0.214286                0.428571                    11                              0.785714                3                             0.272727                   8                            0.727273
       20         Dangerous curve right            21             21        1.000000      0.761905                0.952381                     5                              0.238095                4                             0.800000                   1                            0.200000
       21                  Double curve            21             18        0.857143      0.095238                0.523810                    16                              0.888889                9                             0.562500                   7                            0.437500
       22                    Bumpy road            28             22        0.785714      0.285714                0.535714                    14                              0.636364                7                             0.500000                   7                            0.500000
       23                 Slippery road            36             34        0.944444      0.583333                0.666667                    13                              0.382353                3                             0.230769                  10                            0.769231
       24            Road narrows right            21             21        1.000000      0.285714                0.952381                    15                              0.714286               14                             0.933333                   1                            0.066667
       25                     Road work           114            113        0.991228      0.947368                0.973684                     5                              0.044248                3                             0.600000                   2                            0.400000
       26               Traffic signals            43             43        1.000000      0.604651                0.906977                    17                              0.395349               13                             0.764706                   4                            0.235294
       27                   Pedestrians            14              6        0.428571      0.142857                0.357143                     4                              0.666667                3                             0.750000                   1                            0.250000
       28             Children crossing            36             36        1.000000      0.722222                0.861111                    10                              0.277778                5                             0.500000                   5                            0.500000
       29             Bicycles crossing            21             19        0.904762      0.190476                0.428571                    15                              0.789474                5                             0.333333                  10                            0.666667
       30            Beware of ice/snow            36             31        0.861111      0.194444                0.250000                    24                              0.774194                2                             0.083333                  22                            0.916667
       31         Wild animals crossing            64             64        1.000000      0.218750                0.781250                    50                              0.781250               36                             0.720000                  14                            0.280000
       32  End speed and passing limits            14             14        1.000000      0.000000                0.642857                    14                              1.000000                9                             0.642857                   5                            0.357143
       33              Turn right ahead            50             48        0.960000      0.720000                0.820000                    12                              0.250000                5                             0.416667                   7                            0.583333
       34               Turn left ahead            28             28        1.000000      1.000000                1.000000                     0                              0.000000                0                             0.000000                   0                            0.000000
       35                    Ahead only            93             88        0.946237      0.483871                0.731183                    43                              0.488636               23                             0.534884                  20                            0.465116
       36          Go straight or right            29             28        0.965517      0.827586                0.931034                     4                              0.142857                3                             0.750000                   1                            0.250000
       37           Go straight or left            14             11        0.785714      0.571429                0.714286                     3                              0.272727                2                             0.666667                   1                            0.333333
       38                    Keep right           164            163        0.993902      0.756098                0.890244                    39                              0.239264               22                             0.564103                  17                            0.435897
       39                     Keep left            21             18        0.857143      0.714286                0.714286                     3                              0.166667                0                             0.000000                   3                            1.000000
       40          Roundabout mandatory            21             21        1.000000      0.714286                0.857143                     6                              0.285714                3                             0.500000                   3                            0.500000
       41                End no passing            14             14        1.000000      0.071429                0.285714                    13                              0.928571                3                             0.230769                  10                            0.769231
       42         End no passing trucks            21             21        1.000000      0.285714                0.761905                    15                              0.714286               10                             0.666667                   5                            0.333333

 case_id  label         label_name  clean_pred  pgd_pred  jpeg_pred  clean_conf  pgd_conf  jpeg_conf
       1      4     Speed limit 70           4         8          8    0.999872  0.999788   0.699587
       2     10  No passing trucks          10         9          9    0.999920  0.999741   0.655702
       3     30 Beware of ice/snow          30        11         11    0.998393  0.999884   0.995574
       4     15        No vehicles          15         2          3    0.999657  0.713363   0.666285
       5     38         Keep right          38        34         34    0.999926  0.994650   0.658925
       6      4     Speed limit 70           4         8          8    0.999370  0.999999   0.999165
       7     25          Road work          25         6          6    0.782981  0.999777   0.998274
       8     18    General caution          18        26         26    0.915534  0.998884   0.994938
       9      4     Speed limit 70           4         8          8    0.999449  0.999999   0.991346
